<?xml version="1.0" encoding="UTF-8" ?>
<testsuite errors="0" failures="0" hostname="NSDT-003" name="com.novamsc.training.hibernate.dao.CustomerDAOTest" skipped="0" tests="1" time="1.314" timestamp="2019-06-25T03:46:46">
  <properties>
[...]
</properties>
  <testcase classname="com.novamsc.training.hibernate.dao.CustomerDAOTest" name="testGet" time="0.0" />
  <system-out><![CDATA[setUp called!!!!!!!
]]></system-out>
  <system-err><![CDATA[Jun 24, 2019 8:46:47 PM org.springframework.beans.factory.xml.XmlBeanDefinitionReader loadBeanDefinitions
INFO: Loading XML bean definitions from URL [file:/C:/Users/TRAINEE/Desktop/Hibernate/Exercise%20(Hibernate)_Trainee/build/test/classes/applicationContext-resources.xml]
Jun 24, 2019 8:46:47 PM org.springframework.beans.factory.xml.XmlBeanDefinitionReader loadBeanDefinitions
INFO: Loading XML bean definitions from URL [file:/C:/Users/TRAINEE/Desktop/Hibernate/Exercise%20(Hibernate)_Trainee/build/test/classes/applicationContext-dao.xml]
Jun 24, 2019 8:46:47 PM org.springframework.context.support.AbstractApplicationContext prepareRefresh
INFO: Refreshing org.springframework.context.support.GenericApplicationContext@182decdb: display name [org.springframework.context.support.GenericApplicationContext@182decdb]; startup date [Mon Jun 24 20:46:47 PDT 2019]; root of context hierarchy
Jun 24, 2019 8:46:47 PM org.springframework.context.support.AbstractApplicationContext obtainFreshBeanFactory
INFO: Bean factory for application context [org.springframework.context.support.GenericApplicationContext@182decdb]: org.springframework.beans.factory.support.DefaultListableBeanFactory@6e3c1e69
Jun 24, 2019 8:46:47 PM org.springframework.core.io.support.PropertiesLoaderSupport loadProperties
INFO: Loading properties file from class path resource [jdbc.properties]
Jun 24, 2019 8:46:47 PM org.springframework.beans.factory.support.DefaultListableBeanFactory preInstantiateSingletons
INFO: Pre-instantiating singletons in org.springframework.beans.factory.support.DefaultListableBeanFactory@6e3c1e69: defining beans [propertyConfigurer,dataSource,sessionFactory,transactionManager,customerDAO,accountDAO,loanAccountDAO,guarantorDAO]; root of factory hierarchy
Jun 24, 2019 8:46:47 PM com.mchange.v2.log.MLog <clinit>
INFO: MLog clients using java 1.4+ standard logging.
Jun 24, 2019 8:46:47 PM com.mchange.v2.c3p0.C3P0Registry banner
INFO: Initializing c3p0-0.9.1.2 [built 21-May-2007 15:04:56; debug? true; trace: 10]
Jun 24, 2019 8:46:47 PM org.hibernate.cfg.Environment <clinit>
INFO: Hibernate 3.2.5
Jun 24, 2019 8:46:47 PM org.hibernate.cfg.Environment <clinit>
INFO: hibernate.properties not found
Jun 24, 2019 8:46:47 PM org.hibernate.cfg.Environment buildBytecodeProvider
INFO: Bytecode provider name : cglib
Jun 24, 2019 8:46:47 PM org.hibernate.cfg.Environment <clinit>
INFO: using JDK 1.4 java.sql.Timestamp handling
Jun 24, 2019 8:46:47 PM org.hibernate.cfg.Configuration addFile
INFO: Reading mappings from file: C:\Users\TRAINEE\Desktop\Hibernate\Exercise (Hibernate)_Trainee\build\classes\com\novamsc\training\hibernate\model\Account.hbm.xml
Jun 24, 2019 8:46:47 PM org.hibernate.cfg.HbmBinder bindRootPersistentClassCommonValues
INFO: Mapping class: com.novamsc.training.hibernate.model.Account -> ACCOUNT 
Jun 24, 2019 8:46:47 PM org.hibernate.cfg.Configuration addFile
INFO: Reading mappings from file: C:\Users\TRAINEE\Desktop\Hibernate\Exercise (Hibernate)_Trainee\build\classes\com\novamsc\training\hibernate\model\Customer.hbm.xml
Jun 24, 2019 8:46:47 PM org.hibernate.cfg.HbmBinder bindRootPersistentClassCommonValues
INFO: Mapping class: com.novamsc.training.hibernate.model.Customer -> CUSTOMER
Jun 24, 2019 8:46:47 PM org.hibernate.cfg.Configuration addFile
INFO: Reading mappings from file: C:\Users\TRAINEE\Desktop\Hibernate\Exercise (Hibernate)_Trainee\build\classes\com\novamsc\training\hibernate\model\Guarantor.hbm.xml
Jun 24, 2019 8:46:47 PM org.hibernate.cfg.HbmBinder bindRootPersistentClassCommonValues
INFO: Mapping class: com.novamsc.training.hibernate.model.Guarantor -> GUARANTOR
Jun 24, 2019 8:46:47 PM org.hibernate.cfg.Configuration addFile
INFO: Reading mappings from file: C:\Users\TRAINEE\Desktop\Hibernate\Exercise (Hibernate)_Trainee\build\classes\com\novamsc\training\hibernate\model\LoanAccount.hbm.xml
Jun 24, 2019 8:46:47 PM org.hibernate.cfg.HbmBinder bindRootPersistentClassCommonValues
INFO: Mapping class: com.novamsc.training.hibernate.model.LoanAccount -> LOANACCOUNT
Jun 24, 2019 8:46:47 PM org.springframework.orm.hibernate3.LocalSessionFactoryBean buildSessionFactory
INFO: Building new Hibernate SessionFactory
Jun 24, 2019 8:46:47 PM org.hibernate.cfg.HbmBinder bindCollectionSecondPass
INFO: Mapping collection: com.novamsc.training.hibernate.model.Customer.accounts -> ACCOUNT 
Jun 24, 2019 8:46:47 PM org.hibernate.cfg.HbmBinder bindCollectionSecondPass
INFO: Mapping collection: com.novamsc.training.hibernate.model.Guarantor.loanAccounts -> LOANACCOUNT
Jun 24, 2019 8:46:47 PM org.hibernate.connection.ConnectionProviderFactory newConnectionProvider
INFO: Initializing connection provider: org.springframework.orm.hibernate3.LocalDataSourceConnectionProvider
Jun 24, 2019 8:46:47 PM com.mchange.v2.c3p0.impl.AbstractPoolBackedDataSource getPoolManager
INFO: Initializing c3p0 pool... com.mchange.v2.c3p0.ComboPooledDataSource [ acquireIncrement -> 3, acquireRetryAttempts -> 30, acquireRetryDelay -> 1000, autoCommitOnClose -> false, automaticTestTable -> null, breakAfterAcquireFailure -> false, checkoutTimeout -> 0, connectionCustomizerClassName -> null, connectionTesterClassName -> com.mchange.v2.c3p0.impl.DefaultConnectionTester, dataSourceName -> 2rvxzba3131ueg8c82uf0|59fa1d9b, debugUnreturnedConnectionStackTraces -> false, description -> null, driverClass -> org.apache.derby.jdbc.ClientDriver, factoryClassLocation -> null, forceIgnoreUnresolvedTransactions -> false, identityToken -> 2rvxzba3131ueg8c82uf0|59fa1d9b, idleConnectionTestPeriod -> 300, initialPoolSize -> 3, jdbcUrl -> jdbc:derby://localhost:1527/training, maxAdministrativeTaskTime -> 0, maxConnectionAge -> 0, maxIdleTime -> 600, maxIdleTimeExcessConnections -> 0, maxPoolSize -> 15, maxStatements -> 0, maxStatementsPerConnection -> 0, minPoolSize -> 3, numHelperThreads -> 3, numThreadsAwaitingCheckoutDefaultUser -> 0, preferredTestQuery -> SELECT * FROM PV_ROLE, properties -> {user=******, password=******}, propertyCycle -> 0, testConnectionOnCheckin -> false, testConnectionOnCheckout -> false, unreturnedConnectionTimeout -> 0, usesTraditionalReflectiveProxies -> false ]
Jun 24, 2019 8:46:47 PM org.hibernate.cfg.SettingsFactory buildSettings
INFO: RDBMS: Apache Derby, version: 10.12.1.1 - (1704137)
Jun 24, 2019 8:46:47 PM org.hibernate.cfg.SettingsFactory buildSettings
INFO: JDBC driver: Apache Derby Network Client JDBC Driver, version: 10.10.2.0 - (1582446)
Jun 24, 2019 8:46:47 PM org.hibernate.dialect.Dialect <init>
INFO: Using dialect: org.hibernate.dialect.DerbyDialect
Jun 24, 2019 8:46:47 PM org.hibernate.transaction.TransactionFactoryFactory buildTransactionFactory
INFO: Using default transaction strategy (direct JDBC transactions)
Jun 24, 2019 8:46:47 PM org.hibernate.transaction.TransactionManagerLookupFactory getTransactionManagerLookup
INFO: No TransactionManagerLookup configured (in JTA environment, use of read-write or transactional second-level cache is not recommended)
Jun 24, 2019 8:46:47 PM org.hibernate.cfg.SettingsFactory buildSettings
INFO: Automatic flush during beforeCompletion(): disabled
Jun 24, 2019 8:46:47 PM org.hibernate.cfg.SettingsFactory buildSettings
INFO: Automatic session close at end of transaction: disabled
Jun 24, 2019 8:46:47 PM org.hibernate.cfg.SettingsFactory buildSettings
INFO: Scrollable result sets: enabled
Jun 24, 2019 8:46:48 PM org.hibernate.cfg.SettingsFactory buildSettings
INFO: JDBC3 getGeneratedKeys(): disabled
Jun 24, 2019 8:46:48 PM org.hibernate.cfg.SettingsFactory buildSettings
INFO: Connection release mode: on_close
Jun 24, 2019 8:46:48 PM org.hibernate.cfg.SettingsFactory buildSettings
INFO: Default batch fetch size: 4
Jun 24, 2019 8:46:48 PM org.hibernate.cfg.SettingsFactory buildSettings
INFO: Generate SQL with comments: disabled
Jun 24, 2019 8:46:48 PM org.hibernate.cfg.SettingsFactory buildSettings
INFO: Order SQL updates by primary key: disabled
Jun 24, 2019 8:46:48 PM org.hibernate.cfg.SettingsFactory buildSettings
INFO: Order SQL inserts for batching: disabled
Jun 24, 2019 8:46:48 PM org.hibernate.cfg.SettingsFactory createQueryTranslatorFactory
INFO: Query translator: org.hibernate.hql.ast.ASTQueryTranslatorFactory
Jun 24, 2019 8:46:48 PM org.hibernate.hql.ast.ASTQueryTranslatorFactory <init>
INFO: Using ASTQueryTranslatorFactory
Jun 24, 2019 8:46:48 PM org.hibernate.cfg.SettingsFactory buildSettings
INFO: Query language substitutions: {}
Jun 24, 2019 8:46:48 PM org.hibernate.cfg.SettingsFactory buildSettings
INFO: JPA-QL strict compliance: disabled
Jun 24, 2019 8:46:48 PM org.hibernate.cfg.SettingsFactory buildSettings
INFO: Second-level cache: enabled
Jun 24, 2019 8:46:48 PM org.hibernate.cfg.SettingsFactory buildSettings
INFO: Query cache: disabled
Jun 24, 2019 8:46:48 PM org.hibernate.cfg.SettingsFactory createCacheProvider
INFO: Cache provider: org.hibernate.cache.NoCacheProvider
Jun 24, 2019 8:46:48 PM org.hibernate.cfg.SettingsFactory buildSettings
INFO: Optimize cache for minimal puts: disabled
Jun 24, 2019 8:46:48 PM org.hibernate.cfg.SettingsFactory buildSettings
INFO: Structured second-level cache entries: disabled
Jun 24, 2019 8:46:48 PM org.hibernate.cfg.SettingsFactory buildSettings
INFO: Echoing all SQL to stdout
Jun 24, 2019 8:46:48 PM org.hibernate.cfg.SettingsFactory buildSettings
INFO: Statistics: disabled
Jun 24, 2019 8:46:48 PM org.hibernate.cfg.SettingsFactory buildSettings
INFO: Deleted entity synthetic identifier rollback: disabled
Jun 24, 2019 8:46:48 PM org.hibernate.cfg.SettingsFactory buildSettings
INFO: Default entity-mode: pojo
Jun 24, 2019 8:46:48 PM org.hibernate.cfg.SettingsFactory buildSettings
INFO: Named query checking : enabled
Jun 24, 2019 8:46:48 PM org.hibernate.impl.SessionFactoryImpl <init>
INFO: building session factory
Jun 24, 2019 8:46:48 PM org.hibernate.impl.SessionFactoryObjectFactory addInstance
INFO: Not binding factory to JNDI, no JNDI name configured
Jun 24, 2019 8:46:48 PM org.springframework.orm.hibernate3.HibernateTransactionManager afterPropertiesSet
INFO: Using DataSource [com.mchange.v2.c3p0.ComboPooledDataSource [ acquireIncrement -> 3, acquireRetryAttempts -> 30, acquireRetryDelay -> 1000, autoCommitOnClose -> false, automaticTestTable -> null, breakAfterAcquireFailure -> false, checkoutTimeout -> 0, connectionCustomizerClassName -> null, connectionTesterClassName -> com.mchange.v2.c3p0.impl.DefaultConnectionTester, dataSourceName -> 2rvxzba3131ueg8c82uf0|59fa1d9b, debugUnreturnedConnectionStackTraces -> false, description -> null, driverClass -> org.apache.derby.jdbc.ClientDriver, factoryClassLocation -> null, forceIgnoreUnresolvedTransactions -> false, identityToken -> 2rvxzba3131ueg8c82uf0|59fa1d9b, idleConnectionTestPeriod -> 300, initialPoolSize -> 3, jdbcUrl -> jdbc:derby://localhost:1527/training, maxAdministrativeTaskTime -> 0, maxConnectionAge -> 0, maxIdleTime -> 600, maxIdleTimeExcessConnections -> 0, maxPoolSize -> 15, maxStatements -> 0, maxStatementsPerConnection -> 0, minPoolSize -> 3, numHelperThreads -> 3, numThreadsAwaitingCheckoutDefaultUser -> 0, preferredTestQuery -> SELECT * FROM PV_ROLE, properties -> {user=******, password=******}, propertyCycle -> 0, testConnectionOnCheckin -> false, testConnectionOnCheckout -> false, unreturnedConnectionTimeout -> 0, usesTraditionalReflectiveProxies -> false ]] of Hibernate SessionFactory for HibernateTransactionManager
]]></system-err>
</testsuite>
